98.09.10 13:36 B F:\Matlab\toolbox\ocean\tsplot\Contents.m --> emerald /usr4/bgreenan/matlab/tsplot Contents.m
98.09.10 13:36 B F:\Matlab\toolbox\ocean\tsplot\ctdstn.asc --> emerald /usr4/bgreenan/matlab/tsplot ctdstn.asc
98.09.10 13:36 B F:\Matlab\toolbox\ocean\tsplot\ctdstn.mat --> emerald /usr4/bgreenan/matlab/tsplot ctdstn.mat
98.09.10 13:36 B F:\Matlab\toolbox\ocean\tsplot\notmat.m --> emerald /usr4/bgreenan/matlab/tsplot notmat.m
98.09.10 13:36 B F:\Matlab\toolbox\ocean\tsplot\notmat.mat --> emerald /usr4/bgreenan/matlab/tsplot notmat.mat
98.09.10 13:36 B F:\Matlab\toolbox\ocean\tsplot\Readme.m --> emerald /usr4/bgreenan/matlab/tsplot Readme.m
98.09.10 13:36 B F:\Matlab\toolbox\ocean\tsplot\swstate.m --> emerald /usr4/bgreenan/matlab/tsplot swstate.m
98.09.10 13:36 B F:\Matlab\toolbox\ocean\tsplot\tsdiagram.m --> emerald /usr4/bgreenan/matlab/tsplot tsdiagram.m
98.09.10 13:36 B F:\Matlab\toolbox\ocean\tsplot\tsgraph.m --> emerald /usr4/bgreenan/matlab/tsplot tsgraph.m
98.09.10 13:36 B F:\Matlab\toolbox\ocean\tsplot\tsgui.m --> emerald /usr4/bgreenan/matlab/tsplot tsgui.m
98.09.10 13:36 B F:\Matlab\toolbox\ocean\tsplot\tsgui.mat --> emerald /usr4/bgreenan/matlab/tsplot tsgui.mat
98.09.10 13:36 B F:\Matlab\toolbox\ocean\tsplot\tsguifun.m --> emerald /usr4/bgreenan/matlab/tsplot tsguifun.m
98.09.10 13:36 B F:\Matlab\toolbox\ocean\tsplot\tshelp.m --> emerald /usr4/bgreenan/matlab/tsplot tshelp.m
98.09.10 13:36 B F:\Matlab\toolbox\ocean\tsplot\tsload.m --> emerald /usr4/bgreenan/matlab/tsplot tsload.m
98.09.10 13:36 B F:\Matlab\toolbox\ocean\tsplot\tsloadASCII.m --> emerald /usr4/bgreenan/matlab/tsplot tsloadASCII.m
98.09.10 13:36 B F:\Matlab\toolbox\ocean\tsplot\tsoverlay.m --> emerald /usr4/bgreenan/matlab/tsplot tsoverlay.m
98.09.10 13:36 B F:\Matlab\toolbox\ocean\tsplot\tsplot.m --> emerald /usr4/bgreenan/matlab/tsplot tsplot.m
98.09.10 13:36 B F:\Matlab\toolbox\ocean\tsplot\tsrefresh.m --> emerald /usr4/bgreenan/matlab/tsplot tsrefresh.m
99.01.07 11:10 B F:\Matlab\toolbox\ocean\tsplot\Contents.m --> emerald /usr4/bgreenan/matlab/tsplot Contents.m
99.01.07 11:10 B F:\Matlab\toolbox\ocean\tsplot\ctdstn.asc --> emerald /usr4/bgreenan/matlab/tsplot ctdstn.asc
99.01.07 11:10 B F:\Matlab\toolbox\ocean\tsplot\ctdstn.mat --> emerald /usr4/bgreenan/matlab/tsplot ctdstn.mat
99.01.07 11:10 B F:\Matlab\toolbox\ocean\tsplot\notmat.m --> emerald /usr4/bgreenan/matlab/tsplot notmat.m
99.01.07 11:10 B F:\Matlab\toolbox\ocean\tsplot\notmat.mat --> emerald /usr4/bgreenan/matlab/tsplot notmat.mat
99.01.07 11:10 B F:\Matlab\toolbox\ocean\tsplot\Readme.m --> emerald /usr4/bgreenan/matlab/tsplot Readme.m
99.01.07 11:10 B F:\Matlab\toolbox\ocean\tsplot\swstate.m --> emerald /usr4/bgreenan/matlab/tsplot swstate.m
99.01.07 11:10 B F:\Matlab\toolbox\ocean\tsplot\tsdiagram.m --> emerald /usr4/bgreenan/matlab/tsplot tsdiagram.m
99.01.07 11:10 B F:\Matlab\toolbox\ocean\tsplot\tsgraph.m --> emerald /usr4/bgreenan/matlab/tsplot tsgraph.m
99.01.07 11:10 B F:\Matlab\toolbox\ocean\tsplot\tsgui.m --> emerald /usr4/bgreenan/matlab/tsplot tsgui.m
99.01.07 11:10 B F:\Matlab\toolbox\ocean\tsplot\tsgui.mat --> emerald /usr4/bgreenan/matlab/tsplot tsgui.mat
99.01.07 11:10 B F:\Matlab\toolbox\ocean\tsplot\tsgui2.m --> emerald /usr4/bgreenan/matlab/tsplot tsgui2.m
99.01.07 11:10 B F:\Matlab\toolbox\ocean\tsplot\tsguifun.m --> emerald /usr4/bgreenan/matlab/tsplot tsguifun.m
99.01.07 11:10 B F:\Matlab\toolbox\ocean\tsplot\tshelp.m --> emerald /usr4/bgreenan/matlab/tsplot tshelp.m
99.01.07 11:10 B F:\Matlab\toolbox\ocean\tsplot\tsload.m --> emerald /usr4/bgreenan/matlab/tsplot tsload.m
99.01.07 11:10 B F:\Matlab\toolbox\ocean\tsplot\tsloadASCII.m --> emerald /usr4/bgreenan/matlab/tsplot tsloadASCII.m
99.01.07 11:10 B F:\Matlab\toolbox\ocean\tsplot\tsoverlay.m --> emerald /usr4/bgreenan/matlab/tsplot tsoverlay.m
99.01.07 11:10 B F:\Matlab\toolbox\ocean\tsplot\tsplot.m --> emerald /usr4/bgreenan/matlab/tsplot tsplot.m
99.01.07 11:10 B F:\Matlab\toolbox\ocean\tsplot\tsrefresh.m --> emerald /usr4/bgreenan/matlab/tsplot tsrefresh.m
99.01.07 11:10 B F:\Matlab\toolbox\ocean\tsplot\WS_FTP.LOG --> emerald /usr4/bgreenan/matlab/tsplot WS_FTP.LOG
99.01.07 13:27 A F:\Matlab\toolbox\ocean\tsplot\Contents.m --> emerald /usr4/bgreenan/matlab/tsplot Contents.m
99.01.07 13:27 A F:\Matlab\toolbox\ocean\tsplot\ctdstn.asc --> emerald /usr4/bgreenan/matlab/tsplot ctdstn.asc
99.01.07 13:27 A F:\Matlab\toolbox\ocean\tsplot\notmat.m --> emerald /usr4/bgreenan/matlab/tsplot notmat.m
99.01.07 13:27 A F:\Matlab\toolbox\ocean\tsplot\notmat.mat --> emerald /usr4/bgreenan/matlab/tsplot notmat.mat
99.01.07 13:27 A F:\Matlab\toolbox\ocean\tsplot\Readme.m --> emerald /usr4/bgreenan/matlab/tsplot Readme.m
99.01.07 13:27 A F:\Matlab\toolbox\ocean\tsplot\swstate.m --> emerald /usr4/bgreenan/matlab/tsplot swstate.m
99.01.07 13:27 A F:\Matlab\toolbox\ocean\tsplot\tsdiagram.m --> emerald /usr4/bgreenan/matlab/tsplot tsdiagram.m
99.01.07 13:27 A F:\Matlab\toolbox\ocean\tsplot\tsgraph.m --> emerald /usr4/bgreenan/matlab/tsplot tsgraph.m
99.01.07 13:27 A F:\Matlab\toolbox\ocean\tsplot\tsgui.m --> emerald /usr4/bgreenan/matlab/tsplot tsgui.m
99.01.07 13:27 A F:\Matlab\toolbox\ocean\tsplot\tsgui.mat --> emerald /usr4/bgreenan/matlab/tsplot tsgui.mat
99.01.07 13:27 A F:\Matlab\toolbox\ocean\tsplot\tsgui2.m --> emerald /usr4/bgreenan/matlab/tsplot tsgui2.m
99.01.07 13:27 A F:\Matlab\toolbox\ocean\tsplot\tsguifun.m --> emerald /usr4/bgreenan/matlab/tsplot tsguifun.m
99.01.07 13:27 A F:\Matlab\toolbox\ocean\tsplot\tshelp.m --> emerald /usr4/bgreenan/matlab/tsplot tshelp.m
99.01.07 13:27 A F:\Matlab\toolbox\ocean\tsplot\tsload.m --> emerald /usr4/bgreenan/matlab/tsplot tsload.m
99.01.07 13:27 A F:\Matlab\toolbox\ocean\tsplot\tsloadASCII.m --> emerald /usr4/bgreenan/matlab/tsplot tsloadASCII.m
99.01.07 13:27 A F:\Matlab\toolbox\ocean\tsplot\tsoverlay.m --> emerald /usr4/bgreenan/matlab/tsplot tsoverlay.m
99.01.07 13:27 A F:\Matlab\toolbox\ocean\tsplot\tsplot.m --> emerald /usr4/bgreenan/matlab/tsplot tsplot.m
99.01.07 13:27 A F:\Matlab\toolbox\ocean\tsplot\tsrefresh.m --> emerald /usr4/bgreenan/matlab/tsplot tsrefresh.m
99.01.07 13:27 B F:\Matlab\toolbox\ocean\tsplot\ctdstn.mat --> emerald /usr4/bgreenan/matlab/tsplot ctdstn.mat
